#
# There is insufficient memory for the Java Runtime Environment to continue.
# Native memory allocation (mmap) failed to map 130023424 bytes for G1 virtual space
# Possible reasons:
#   The system is out of physical RAM or swap space
#   The process is running with CompressedOops enabled, and the Java Heap may be blocking the growth of the native heap
# Possible solutions:
#   Reduce memory load on the system
#   Increase physical memory or swap space
#   Check if swap backing store is full
#   Decrease Java heap size (-Xmx/-Xms)
#   Decrease number of Java threads
#   Decrease Java thread stack sizes (-Xss)
#   Set larger code cache with -XX:ReservedCodeCacheSize=
#   JVM is running with Unscaled Compressed Oops mode in which the Java heap is
#     placed in the first 4GB address space. The Java Heap base address is the
#     maximum limit for the native heap growth. Please use -XX:HeapBaseMinAddress
#     to set the Java Heap base and to place the Java Heap above 4GB virtual address.
# This output file may be truncated or incomplete.
#
#  Out of Memory Error (./open/src/hotspot/os/windows/os_windows.cpp:3472), pid=14352, tid=18364
#
# JRE version:  (15.0.1+9) (build )
# Java VM: OpenJDK 64-Bit Server VM (15.0.1+9-18, mixed mode, sharing, tiered, compressed oops, g1 gc, windows-amd64)
# No core dump will be written. Minidumps are not enabled by default on client versions of Windows
#

---------------  S U M M A R Y ------------

Command Line: -Dcom.sun.management.jmxremote -Dcom.sun.management.jmxremote.port=64187 -Dcom.sun.management.jmxremote.authenticate=false -Dcom.sun.management.jmxremote.ssl=false -Djava.rmi.server.hostname=localhost -Dspring.jmx.enabled=true -Dspring.application.admin.enabled=true -XX:TieredStopAtLevel=1 -Dspring.boot.project.name=CodeJavaApp -Dfile.encoding=UTF-8 -XX:+ShowCodeDetailsInExceptionMessages net.codejava.CodeJavaAppApplication --spring.output.ansi.enabled=always

Host: AMD A6-6400B APU with Radeon(tm) HD Graphics   , 2 cores, 7G,  Windows 10 , 64 bit Build 18362 (10.0.18362.1316)
Time: Fri Jan 22 12:54:16 2021 India Standard Time elapsed time: 0.018151 seconds (0d 0h 0m 0s)

---------------  T H R E A D  ---------------

Current thread (0x000001ba9d0f4340):  JavaThread "Unknown thread" [_thread_in_vm, id=18364, stack(0x000000ad51500000,0x000000ad51600000)]

Stack: [0x000000ad51500000,0x000000ad51600000]
Native frames: (J=compiled Java code, j=interpreted, Vv=VM code, C=native code)
V  [jvm.dll+0x62ae9a]
V  [jvm.dll+0x781389]
V  [jvm.dll+0x782ae3]
V  [jvm.dll+0x783143]
V  [jvm.dll+0x216265]
V  [jvm.dll+0x6281d9]
V  [jvm.dll+0x61cd15]
V  [jvm.dll+0x2d01fd]
V  [jvm.dll+0x2d0062]
V  [jvm.dll+0x2d603c]
V  [jvm.dll+0x325b2a]
V  [jvm.dll+0x3251f4]
V  [jvm.dll+0x2a717a]
V  [jvm.dll+0x2a8318]
V  [jvm.dll+0x75e101]
V  [jvm.dll+0x3343e4]
V  [jvm.dll+0x73e826]
V  [jvm.dll+0x3b7777]
V  [jvm.dll+0x3b9201]
C  [jli.dll+0x52fb]
C  [ucrtbase.dll+0x210b2]
C  [KERNEL32.DLL+0x17c24]
C  [ntdll.dll+0x6d4d1]


---------------  P R O C E S S  ---------------

Threads class SMR info:
_java_thread_list=0x00007ffd219d4ff0, length=0, elements={
}

Java Threads: ( => current thread )

Other Threads:
  0x000001ba9d131960 GCTaskThread "GC Thread#0" [stack: 0x000000ad51600000,0x000000ad51700000] [id=216]
  0x000001ba9d1421c0 ConcurrentGCThread "G1 Main Marker" [stack: 0x000000ad51700000,0x000000ad51800000] [id=11408]
  0x000001ba9d143620 ConcurrentGCThread "G1 Conc#0" [stack: 0x000000ad51800000,0x000000ad51900000] [id=16588]

[error occurred during error reporting (printing all threads), id 0xc0000005, EXCEPTION_ACCESS_VIOLATION (0xc0000005) at pc=0x00007ffd211c8047]

VM state: not at safepoint (not fully initialized)

VM Mutex/Monitor currently owned by a thread:  ([mutex/lock_event])
[0x000001ba9d0f1780] Heap_lock - owner thread: 0x000001ba9d0f4340

Heap address: 0x0000000084c00000, size: 1972 MB, Compressed Oops mode: 32-bit
CDS archive(s) mapped at: [0x0000000000000000-0x0000000000000000-0x0000000000000000), size 0, SharedBaseAddress: 0x0000000800000000, ArchiveRelocationMode: 0.
Narrow klass base: 0x0000000000000000, Narrow klass shift: 0, Narrow klass range: 0x0

Heap:
 garbage-first heap   total 126976K, used 0K [0x0000000084c00000, 0x0000000100000000)
  region size 1024K, 0 young (0K), 0 survivors (0K)
 Metaspace       used 0K, capacity 0K, committed 0K, reserved 0K
  class space    used 0K, capacity 0K, committed 0K, reserved 0K

Heap Regions: E=young(eden), S=young(survivor), O=old, HS=humongous(starts), HC=humongous(continues), CS=collection set, F=free, OA=open archive, CA=closed archive, TAMS=top-at-mark-start (previous, next)

Card table byte_map: [0x000001baafaf0000,0x000001baafed0000] _byte_map_base: 0x000001baaf6ca000

Marking Bits (Prev, Next): (CMBitMap*) 0x000001ba9d1320e0, (CMBitMap*) 0x000001ba9d132120
 Prev Bits: [0x000001bab02b0000, 0x000001bab2180000)
 Next Bits: [0x000001bab2180000, 0x000001bab4050000)

GC Heap History (0 events):
No events

Deoptimization events (0 events):
No events

Classes unloaded (0 events):
No events

Classes redefined (0 events):
No events

Internal exceptions (0 events):
No events

Events (1 events):
Event: 0.012 Loaded shared library F:\vijay\STS\sts-4.9.0.RELEASE\plugins\org.eclipse.justj.openjdk.hotspot.jre.full.win32.x86_64_15.0.1.v20201027-0507\jre\bin\java.dll


Dynamic libraries:
0x00007ff78df80000 - 0x00007ff78df8d000 	F:\vijay\STS\sts-4.9.0.RELEASE\plugins\org.eclipse.justj.openjdk.hotspot.jre.full.win32.x86_64_15.0.1.v20201027-0507\jre\bin\javaw.exe
0x00007ffd6c000000 - 0x00007ffd6c1f0000 	C:\Windows\SYSTEM32\ntdll.dll
0x00007ffd6b690000 - 0x00007ffd6b742000 	C:\Windows\System32\KERNEL32.DLL
0x00007ffd69e00000 - 0x00007ffd6a0a5000 	C:\Windows\System32\KERNELBASE.dll
0x00007ffd69a70000 - 0x00007ffd69b6a000 	C:\Windows\System32\ucrtbase.dll
0x00007ffd60e20000 - 0x00007ffd60e38000 	F:\vijay\STS\sts-4.9.0.RELEASE\plugins\org.eclipse.justj.openjdk.hotspot.jre.full.win32.x86_64_15.0.1.v20201027-0507\jre\bin\jli.dll
0x00007ffd6b140000 - 0x00007ffd6b2d4000 	C:\Windows\System32\USER32.dll
0x00007ffd69980000 - 0x00007ffd699a1000 	C:\Windows\System32\win32u.dll
0x00007ffd6a0b0000 - 0x00007ffd6a0d6000 	C:\Windows\System32\GDI32.dll
0x00007ffd69700000 - 0x00007ffd69898000 	C:\Windows\System32\gdi32full.dll
0x00007ffd699d0000 - 0x00007ffd69a6e000 	C:\Windows\System32\msvcp_win.dll
0x00007ffd61650000 - 0x00007ffd61669000 	F:\vijay\STS\sts-4.9.0.RELEASE\plugins\org.eclipse.justj.openjdk.hotspot.jre.full.win32.x86_64_15.0.1.v20201027-0507\jre\bin\VCRUNTIME140.dll
0x00007ffd57de0000 - 0x00007ffd58064000 	C:\Windows\WinSxS\amd64_microsoft.windows.common-controls_6595b64144ccf1df_6.0.18362.1316_none_9e7a364fe461dbd7\COMCTL32.dll
0x00007ffd6a8c0000 - 0x00007ffd6a95e000 	C:\Windows\System32\msvcrt.dll
0x00007ffd6a960000 - 0x00007ffd6ac97000 	C:\Windows\System32\combase.dll
0x00007ffd6b360000 - 0x00007ffd6b47f000 	C:\Windows\System32\RPCRT4.dll
0x00007ffd69cc0000 - 0x00007ffd69d41000 	C:\Windows\System32\bcryptPrimitives.dll
0x00007ffd6bf80000 - 0x00007ffd6bfae000 	C:\Windows\System32\IMM32.DLL
0x00007ffd61640000 - 0x00007ffd6164c000 	F:\vijay\STS\sts-4.9.0.RELEASE\plugins\org.eclipse.justj.openjdk.hotspot.jre.full.win32.x86_64_15.0.1.v20201027-0507\jre\bin\vcruntime140_1.dll
0x00007ffd2ab30000 - 0x00007ffd2abc1000 	F:\vijay\STS\sts-4.9.0.RELEASE\plugins\org.eclipse.justj.openjdk.hotspot.jre.full.win32.x86_64_15.0.1.v20201027-0507\jre\bin\msvcp140.dll
0x00007ffd20f10000 - 0x00007ffd21a6e000 	F:\vijay\STS\sts-4.9.0.RELEASE\plugins\org.eclipse.justj.openjdk.hotspot.jre.full.win32.x86_64_15.0.1.v20201027-0507\jre\bin\server\jvm.dll
0x00007ffd6a210000 - 0x00007ffd6a2b3000 	C:\Windows\System32\ADVAPI32.dll
0x00007ffd6a820000 - 0x00007ffd6a8b7000 	C:\Windows\System32\sechost.dll
0x00007ffd6b350000 - 0x00007ffd6b358000 	C:\Windows\System32\PSAPI.DLL
0x00007ffd4d7e0000 - 0x00007ffd4d7e9000 	C:\Windows\SYSTEM32\WSOCK32.dll
0x00007ffd6b2e0000 - 0x00007ffd6b34f000 	C:\Windows\System32\WS2_32.dll
0x00007ffd65c70000 - 0x00007ffd65c94000 	C:\Windows\SYSTEM32\WINMM.dll
0x00007ffd63af0000 - 0x00007ffd63afa000 	C:\Windows\SYSTEM32\VERSION.dll
0x00007ffd65c40000 - 0x00007ffd65c6d000 	C:\Windows\SYSTEM32\WINMMBASE.dll
0x00007ffd698a0000 - 0x00007ffd698ea000 	C:\Windows\System32\cfgmgr32.dll
0x00007ffd68f60000 - 0x00007ffd68f71000 	C:\Windows\System32\kernel.appcore.dll
0x00007ffd5ecd0000 - 0x00007ffd5ecda000 	F:\vijay\STS\sts-4.9.0.RELEASE\plugins\org.eclipse.justj.openjdk.hotspot.jre.full.win32.x86_64_15.0.1.v20201027-0507\jre\bin\jimage.dll
0x00007ffd63100000 - 0x00007ffd632f4000 	C:\Windows\SYSTEM32\DBGHELP.DLL
0x00007ffd630d0000 - 0x00007ffd630fa000 	C:\Windows\SYSTEM32\dbgcore.DLL
0x00007ffd4e3c0000 - 0x00007ffd4e3e5000 	F:\vijay\STS\sts-4.9.0.RELEASE\plugins\org.eclipse.justj.openjdk.hotspot.jre.full.win32.x86_64_15.0.1.v20201027-0507\jre\bin\java.dll

dbghelp: loaded successfully - version: 4.0.5 - missing functions: none
symbol engine: initialized successfully - sym options: 0x614 - pdb path: .;F:\vijay\STS\sts-4.9.0.RELEASE\plugins\org.eclipse.justj.openjdk.hotspot.jre.full.win32.x86_64_15.0.1.v20201027-0507\jre\bin;C:\Windows\SYSTEM32;C:\Windows\WinSxS\amd64_microsoft.windows.common-controls_6595b64144ccf1df_6.0.18362.1316_none_9e7a364fe461dbd7;F:\vijay\STS\sts-4.9.0.RELEASE\plugins\org.eclipse.justj.openjdk.hotspot.jre.full.win32.x86_64_15.0.1.v20201027-0507\jre\bin\server

VM Arguments:
jvm_args: -Dcom.sun.management.jmxremote -Dcom.sun.management.jmxremote.port=64187 -Dcom.sun.management.jmxremote.authenticate=false -Dcom.sun.management.jmxremote.ssl=false -Djava.rmi.server.hostname=localhost -Dspring.jmx.enabled=true -Dspring.application.admin.enabled=true -XX:TieredStopAtLevel=1 -Dspring.boot.project.name=CodeJavaApp -Dfile.encoding=UTF-8 -XX:+ShowCodeDetailsInExceptionMessages 
java_command: net.codejava.CodeJavaAppApplication --spring.output.ansi.enabled=always
java_class_path (initial): F:\vijay\MyWorkspace\CodeJavaApp\target\classes;C:\Users\SLDERPESET\.m2\repository\org\springframework\boot\spring-boot-test-autoconfigure\2.3.7.RELEASE\spring-boot-test-autoconfigure-2.3.7.RELEASE.jar;C:\Users\SLDERPESET\.m2\repository\org\springframework\boot\spring-boot-starter-data-jpa\2.3.7.RELEASE\spring-boot-starter-data-jpa-2.3.7.RELEASE.jar;C:\Users\SLDERPESET\.m2\repository\org\springframework\boot\spring-boot-starter-aop\2.3.7.RELEASE\spring-boot-starter-aop-2.3.7.RELEASE.jar;C:\Users\SLDERPESET\.m2\repository\org\aspectj\aspectjweaver\1.9.6\aspectjweaver-1.9.6.jar;C:\Users\SLDERPESET\.m2\repository\org\springframework\boot\spring-boot-starter-jdbc\2.3.7.RELEASE\spring-boot-starter-jdbc-2.3.7.RELEASE.jar;C:\Users\SLDERPESET\.m2\repository\com\zaxxer\HikariCP\3.4.5\HikariCP-3.4.5.jar;C:\Users\SLDERPESET\.m2\repository\org\springframework\spring-jdbc\5.2.12.RELEASE\spring-jdbc-5.2.12.RELEASE.jar;C:\Users\SLDERPESET\.m2\repository\jakarta\transaction\jakarta.transaction-api\1.3.3\jakarta.transaction-api-1.3.3.jar;C:\Users\SLDERPESET\.m2\repository\jakarta\persistence\jakarta.persistence-api\2.2.3\jakarta.persistence-api-2.2.3.jar;C:\Users\SLDERPESET\.m2\repository\org\hibernate\hibernate-core\5.4.25.Final\hibernate-core-5.4.25.Final.jar;C:\Users\SLDERPESET\.m2\repository\org\jboss\logging\jboss-logging\3.4.1.Final\jboss-logging-3.4.1.Final.jar;C:\Users\SLDERPESET\.m2\repository\org\javassist\javassist\3.27.0-GA\javassist-3.27.0-GA.jar;C:\Users\SLDERPESET\.m2\repository\net\bytebuddy\byte-buddy\1.10.18\byte-buddy-1.10.18.jar;C:\Users\SLDERPESET\.m2\repository\antlr\antlr\2.7.7\antlr-2.7.7.jar;C:\Users\SLDERPESET\.m2\repository\org\jboss\jandex\2.1.3.Final\jandex-2.1.3.Final.jar;C:\Users\SLDERPESET\.m2\repository\com\fasterxml\classmate\1.5.1\classmate-1.5.1.jar;C:\Users\SLDERPESET\.m2\repository\org\dom4j\dom4j\2.1.3\dom4j-2.1.3.jar;C:\Users\SLDERPESET\.m2\repository\org\hibernate\common\hibernate-commons-annotations\5.1.2.Final\h
Launcher Type: SUN_STANDARD

[Global flags]
     intx CICompilerCount                          = 2                                         {product} {ergonomic}
     uint ConcGCThreads                            = 1                                         {product} {ergonomic}
     uint G1ConcRefinementThreads                  = 2                                         {product} {ergonomic}
   size_t G1HeapRegionSize                         = 1048576                                   {product} {ergonomic}
    uintx GCDrainStackTargetSize                   = 64                                        {product} {ergonomic}
   size_t InitialHeapSize                          = 130023424                                 {product} {ergonomic}
     bool ManagementServer                         = true                                      {product} {command line}
   size_t MarkStackSize                            = 4194304                                   {product} {ergonomic}
   size_t MaxHeapSize                              = 2067791872                                {product} {ergonomic}
   size_t MinHeapDeltaBytes                        = 1048576                                   {product} {ergonomic}
   size_t MinHeapSize                              = 8388608                                   {product} {ergonomic}
    uintx NonNMethodCodeHeapSize                   = 6396312                                {pd product} {ergonomic}
    uintx NonProfiledCodeHeapSize                  = 245261928                              {pd product} {ergonomic}
    uintx ProfiledCodeHeapSize                     = 0                                      {pd product} {ergonomic}
    uintx ReservedCodeCacheSize                    = 251658240                              {pd product} {ergonomic}
     bool SegmentedCodeCache                       = true                                      {product} {ergonomic}
     bool ShowCodeDetailsInExceptionMessages       = true                                   {manageable} {command line}
   size_t SoftMaxHeapSize                          = 2067791872                             {manageable} {ergonomic}
     intx TieredStopAtLevel                        = 1                                         {product} {command line}
     bool UseCompressedClassPointers               = true                                 {lp64_product} {ergonomic}
     bool UseCompressedOops                        = true                                 {lp64_product} {ergonomic}
     bool UseG1GC                                  = true                                      {product} {ergonomic}
     bool UseLargePagesIndividualAllocation        = false                                  {pd product} {ergonomic}

Logging:
Log output configuration:
 #0: stdout all=warning uptime,level,tags
 #1: stderr all=off uptime,level,tags

Environment Variables:
PATH=F:/vijay/STS/sts-4.9.0.RELEASE//plugins/org.eclipse.justj.openjdk.hotspot.jre.full.win32.x86_64_15.0.1.v20201027-0507/jre/bin/server;F:/vijay/STS/sts-4.9.0.RELEASE//plugins/org.eclipse.justj.openjdk.hotspot.jre.full.win32.x86_64_15.0.1.v20201027-0507/jre/bin;"c:\xampp\php;C:\xampp\htdocks\yii\framework";C:\Windows\system32;C:\Windows;C:\Windows\System32\Wbem;C:\Windows\System32\WindowsPowerShell\v1.0\;C:\Windows\System32\OpenSSH\;C:\Program Files (x86)\ATI Technologies\ATI.ACE\Core-Static;C:\Program Files\Microsoft SQL Server\Client SDK\ODBC\110\Tools\Binn\;C:\Program Files (x86)\Microsoft SQL Server\120\Tools\Binn\;C:\Program Files\Microsoft SQL Server\120\Tools\Binn\;C:\Program Files\Microsoft SQL Server\120\DTS\Binn\;C:\Program Files (x86)\Microsoft SQL Server\120\Tools\Binn\ManagementStudio\;C:\Program Files (x86)\Microsoft SQL Server\120\DTS\Binn\;C:\Program Files (x86)\Microsoft SQL Server\110\Tools\Binn\;C:\Program Files\Microsoft SQL Server\110\Tools\Binn\;C:\Program Files\Microsoft SQL Server\110\DTS\Binn\;C:\Program Files\nodejs\;C:\Program Files\MySQL\MySQL Shell 8.0\bin\;C:\Users\SLDERPESET\AppData\Local\Microsoft\WindowsApps;C:\Users\SLDERPESET\AppData\Roaming\npm;C:\Users\SLDERPESET\AppData\Local\Programs\Microsoft VS Code\bin;F:\vijay\STS\sts-4.9.0.RELEASE;
USERNAME=SLDERPESET
OS=Windows_NT
PROCESSOR_IDENTIFIER=AMD64 Family 21 Model 19 Stepping 1, AuthenticAMD



---------------  S Y S T E M  ---------------

OS:
 Windows 10 , 64 bit Build 18362 (10.0.18362.1316)
OS uptime: 3 days 3:08 hours

CPU: total 2 (initial active 2) (2 cores per cpu, 1 threads per core) family 21 model 19 stepping 1 microcode 0x0, cmov, cx8, fxsr, mmx, sse, sse2, sse3, ssse3, sse4.1, sse4.2, popcnt, vzeroupper, avx, aes, clmul, 3dnowpref, lzcnt, sse4a, tsc, tscinvbit, tscinv, bmi1, fma, clflush

Memory: 4k page, system-wide physical 7881M (1121M free)
TotalPageFile size 9881M (AvailPageFile size 95M)
current process WorkingSet (physical memory assigned to process): 10M, peak: 10M
current process commit charge ("private bytes"): 45M, peak: 169M

vm_info: OpenJDK 64-Bit Server VM (15.0.1+9-18) for windows-amd64 JRE (15.0.1+9-18), built on Sep 15 2020 14:39:31 by "mach5one" with unknown MS VC++:1925

END.
